[1732282116.299][INFO]: Starting ChromeDriver 131.0.6778.85 (3d81e41b6f3ac8bcae63b32e8145c9eb0cd60a2d-refs/branch-heads/6778@{#2285}) on port 47485
[1732282116.300][INFO]: Please see https://chromedriver.chromium.org/security-considerations for suggestions on keeping ChromeDriver safe.
[1732282116.307][INFO]: ChromeDriver was started successfully on port 47485
[1732282117.124][INFO]: [444d93a3de0a1951a828038fa3801ab5] COMMAND InitSession {
   "capabilities": {
      "firstMatch": [ {
         "browserName": "chrome",
         "goog:chromeOptions": {
            "args": [ "--remote-allow-origins=*" ],
            "binary": "C:\\Program Files\\Google\\Chrome\\Application\\chrome.exe",
            "extensions": [  ]
         },
         "goog:loggingPrefs": {
            "browser": "ALL",
            "driver": "ALL"
         }
      } ]
   }
}
[1732282117.126][INFO]: Populating Preferences file: {
   "alternate_error_pages": {
      "enabled": false
   },
   "autofill": {
      "enabled": false
   },
   "browser": {
      "check_default_browser": false
   },
   "distribution": {
      "import_bookmarks": false,
      "import_history": false,
      "import_search_engine": false,
      "make_chrome_default_for_user": false,
      "skip_first_run_ui": true
   },
   "dns_prefetching": {
      "enabled": false
   },
   "profile": {
      "content_settings": {
         "pattern_pairs": {
            "https://*,*": {
               "media-stream": {
                  "audio": "Default",
                  "video": "Default"
               }
            }
         }
      },
      "default_content_setting_values": {
         "geolocation": 1
      },
      "default_content_settings": {
         "geolocation": 1,
         "mouselock": 1,
         "notifications": 1,
         "popups": 1,
         "ppapi-broker": 1
      },
      "password_manager_enabled": false
   },
   "safebrowsing": {
      "enabled": false
   },
   "search": {
      "suggest_enabled": false
   },
   "translate": {
      "enabled": false
   }
}
[1732282117.127][INFO]: Populating Local State file: {
   "background_mode": {
      "enabled": false
   },
   "ssl": {
      "rev_checking": {
         "enabled": false
      }
   }
}
[1732282117.131][INFO]: ChromeDriver supports communication with Chrome via pipes. This is more reliable and more secure.
[1732282117.131][INFO]: Use the --remote-debugging-pipe Chrome switch instead of the default --remote-debugging-port to enable this communication mode.
[1732282117.134][INFO]: Launching chrome: "C:\Program Files\Google\Chrome\Application\chrome.exe" --allow-pre-commit-input --disable-background-networking --disable-backgrounding-occluded-windows --disable-client-side-phishing-detection --disable-default-apps --disable-hang-monitor --disable-popup-blocking --disable-prompt-on-repost --disable-sync --enable-automation --enable-logging --log-level=0 --no-first-run --no-service-autorun --password-store=basic --remote-allow-origins=* --remote-debugging-port=0 --test-type=webdriver --use-mock-keychain --user-data-dir="C:\Users\amrit\AppData\Local\Temp\scoped_dir37612_1129961104" data:,
[1732282118.228][INFO]: resolved localhost to ["::1","127.0.0.1"]
[1732282118.271][INFO]: [444d93a3de0a1951a828038fa3801ab5] RESPONSE InitSession {
   "capabilities": {
      "acceptInsecureCerts": false,
      "browserName": "chrome",
      "browserVersion": "131.0.6778.71",
      "chrome": {
         "chromedriverVersion": "131.0.6778.85 (3d81e41b6f3ac8bcae63b32e8145c9eb0cd60a2d-refs/branch-heads/6778@{#2285})",
         "userDataDir": "C:\\Users\\amrit\\AppData\\Local\\Temp\\scoped_dir37612_1129961104"
      },
      "fedcm:accounts": true,
      "goog:chromeOptions": {
         "debuggerAddress": "localhost:62705"
      },
      "networkConnectionEnabled": false,
      "pageLoadStrategy": "normal",
      "platformName": "windows",
      "proxy": {
      },
      "setWindowRect": true,
      "strictFileInteractability": false,
      "timeouts": {
         "implicit": 0,
         "pageLoad": 300000,
         "script": 30000
      },
      "unhandledPromptBehavior": "dismiss and notify",
      "webauthn:extension:credBlob": true,
      "webauthn:extension:largeBlob": true,
      "webauthn:extension:minPinLength": true,
      "webauthn:extension:prf": true,
      "webauthn:virtualAuthenticators": true
   },
   "sessionId": "444d93a3de0a1951a828038fa3801ab5"
}
[1732282118.922][INFO]: [444d93a3de0a1951a828038fa3801ab5] COMMAND MaximizeWindow {
}
[1732282118.923][INFO]: Waiting for pending navigations...
[1732282118.942][INFO]: Done waiting for pending navigations. Status: ok
[1732282119.012][INFO]: Waiting for pending navigations...
[1732282119.015][INFO]: Done waiting for pending navigations. Status: ok
[1732282119.015][INFO]: [444d93a3de0a1951a828038fa3801ab5] RESPONSE MaximizeWindow {
   "height": 688,
   "width": 1296,
   "x": -8,
   "y": -8
}
[1732282119.046][INFO]: [444d93a3de0a1951a828038fa3801ab5] COMMAND Navigate {
   "url": "https://docs.google.com/forms/d/e/1FAIpQLSep9LTMntH5YqIXa5nkiPKSs283kdwitBBhXWyZdAS-e4CxBQ/viewform"
}
[1732282119.046][INFO]: Waiting for pending navigations...
[1732282119.048][INFO]: Done waiting for pending navigations. Status: ok
[1732282119.993][INFO]: Waiting for pending navigations...
[1732282121.036][INFO]: Done waiting for pending navigations. Status: ok
[1732282121.036][INFO]: [444d93a3de0a1951a828038fa3801ab5] RESPONSE Navigate
[1732282121.043][INFO]: [444d93a3de0a1951a828038fa3801ab5] COMMAND FindElement {
   "using": "xpath",
   "value": "(//input[contains(@class , 'zHQkBf')])[1]"
}
[1732282121.043][INFO]: Waiting for pending navigations...
[1732282121.043][INFO]: Done waiting for pending navigations. Status: ok
[1732282121.065][INFO]: Waiting for pending navigations...
[1732282121.067][INFO]: Done waiting for pending navigations. Status: ok
[1732282121.067][INFO]: [444d93a3de0a1951a828038fa3801ab5] RESPONSE FindElement {
   "element-6066-11e4-a52e-4f735466cecf": "f.7313A42D4D2D89A6F5081B46B0B76793.d.4B78C31699440C0694AEC14CAD78CA3A.e.5"
}
[1732282121.136][INFO]: [444d93a3de0a1951a828038fa3801ab5] COMMAND ClickElement {
   "id": "f.7313A42D4D2D89A6F5081B46B0B76793.d.4B78C31699440C0694AEC14CAD78CA3A.e.5"
}
[1732282121.136][INFO]: Waiting for pending navigations...
[1732282121.158][INFO]: Done waiting for pending navigations. Status: ok
[1732282121.431][INFO]: Waiting for pending navigations...
[1732282121.435][INFO]: Done waiting for pending navigations. Status: ok
[1732282121.436][INFO]: [444d93a3de0a1951a828038fa3801ab5] RESPONSE ClickElement
[1732282121.446][INFO]: [444d93a3de0a1951a828038fa3801ab5] COMMAND TypeElement {
   "id": "f.7313A42D4D2D89A6F5081B46B0B76793.d.4B78C31699440C0694AEC14CAD78CA3A.e.5",
   "text": "Crio Learner",
   "value": [ "C", "r", "i", "o", " ", "L", "e", "a", "r", "n", "e", "r" ]
}
[1732282121.446][INFO]: Waiting for pending navigations...
[1732282121.448][INFO]: Done waiting for pending navigations. Status: ok
[1732282121.523][INFO]: Waiting for pending navigations...
[1732282121.525][INFO]: Done waiting for pending navigations. Status: ok
[1732282121.526][INFO]: [444d93a3de0a1951a828038fa3801ab5] RESPONSE TypeElement
[1732282121.529][INFO]: [444d93a3de0a1951a828038fa3801ab5] COMMAND FindElement {
   "using": "xpath",
   "value": "//textarea[contains(@class , 'tL9Q4c')]"
}
[1732282121.529][INFO]: Waiting for pending navigations...
[1732282121.530][INFO]: Done waiting for pending navigations. Status: ok
[1732282121.539][INFO]: Waiting for pending navigations...
[1732282121.539][INFO]: Done waiting for pending navigations. Status: ok
[1732282121.539][INFO]: [444d93a3de0a1951a828038fa3801ab5] RESPONSE FindElement {
   "element-6066-11e4-a52e-4f735466cecf": "f.7313A42D4D2D89A6F5081B46B0B76793.d.4B78C31699440C0694AEC14CAD78CA3A.e.7"
}
[1732282126.548][INFO]: [444d93a3de0a1951a828038fa3801ab5] COMMAND ClickElement {
   "id": "f.7313A42D4D2D89A6F5081B46B0B76793.d.4B78C31699440C0694AEC14CAD78CA3A.e.7"
}
[1732282126.548][INFO]: Waiting for pending navigations...
[1732282126.551][INFO]: Done waiting for pending navigations. Status: ok
[1732282126.658][INFO]: Waiting for pending navigations...
[1732282126.661][INFO]: Done waiting for pending navigations. Status: ok
[1732282126.661][INFO]: [444d93a3de0a1951a828038fa3801ab5] RESPONSE ClickElement
[1732282126.671][INFO]: [444d93a3de0a1951a828038fa3801ab5] COMMAND TypeElement {
   "id": "f.7313A42D4D2D89A6F5081B46B0B76793.d.4B78C31699440C0694AEC14CAD78CA3A.e.7",
   "text": "I want to be the best QA Engineer! 1732282121",
   "value": [ "I", " ", "w", "a", "n", "t", " ", "t", "o", " ", "b", "e", " ", "t", "h", "e", " ", "b", "e", "s", "t", " ", "Q", "A", " ", "E", "n", "g", "i", "n", "e", "e", "r", "!", " ", "1", "7", "3", "2", "2", "8", "2", "1", "2", "1" ]
}
[1732282126.671][INFO]: Waiting for pending navigations...
[1732282126.673][INFO]: Done waiting for pending navigations. Status: ok
[1732282126.900][INFO]: Waiting for pending navigations...
[1732282126.955][INFO]: Done waiting for pending navigations. Status: ok
[1732282126.955][INFO]: [444d93a3de0a1951a828038fa3801ab5] RESPONSE TypeElement
[1732282126.960][INFO]: [444d93a3de0a1951a828038fa3801ab5] COMMAND FindElement {
   "using": "xpath",
   "value": "//div[@data-value = '0 - 2']"
}
[1732282126.960][INFO]: Waiting for pending navigations...
[1732282126.961][INFO]: Done waiting for pending navigations. Status: ok
[1732282126.975][INFO]: Waiting for pending navigations...
[1732282126.976][INFO]: Done waiting for pending navigations. Status: ok
[1732282126.976][INFO]: [444d93a3de0a1951a828038fa3801ab5] RESPONSE FindElement {
   "element-6066-11e4-a52e-4f735466cecf": "f.7313A42D4D2D89A6F5081B46B0B76793.d.4B78C31699440C0694AEC14CAD78CA3A.e.44"
}
[1732282126.981][INFO]: [444d93a3de0a1951a828038fa3801ab5] COMMAND ClickElement {
   "id": "f.7313A42D4D2D89A6F5081B46B0B76793.d.4B78C31699440C0694AEC14CAD78CA3A.e.44"
}
[1732282126.981][INFO]: Waiting for pending navigations...
[1732282126.986][INFO]: Done waiting for pending navigations. Status: ok
[1732282127.088][INFO]: Waiting for pending navigations...
[1732282127.092][INFO]: Done waiting for pending navigations. Status: ok
[1732282127.092][INFO]: [444d93a3de0a1951a828038fa3801ab5] RESPONSE ClickElement
[1732282129.114][INFO]: [444d93a3de0a1951a828038fa3801ab5] COMMAND FindElement {
   "using": "xpath",
   "value": "//div[@aria-label = 'Java']"
}
[1732282129.114][INFO]: Waiting for pending navigations...
[1732282129.119][INFO]: Done waiting for pending navigations. Status: ok
[1732282129.141][INFO]: Waiting for pending navigations...
[1732282129.142][INFO]: Done waiting for pending navigations. Status: ok
[1732282129.142][INFO]: [444d93a3de0a1951a828038fa3801ab5] RESPONSE FindElement {
   "element-6066-11e4-a52e-4f735466cecf": "f.7313A42D4D2D89A6F5081B46B0B76793.d.4B78C31699440C0694AEC14CAD78CA3A.e.47"
}
[1732282129.147][INFO]: [444d93a3de0a1951a828038fa3801ab5] COMMAND ClickElement {
   "id": "f.7313A42D4D2D89A6F5081B46B0B76793.d.4B78C31699440C0694AEC14CAD78CA3A.e.47"
}
[1732282129.147][INFO]: Waiting for pending navigations...
[1732282129.150][INFO]: Done waiting for pending navigations. Status: ok
[1732282129.239][INFO]: Waiting for pending navigations...
[1732282129.242][INFO]: Done waiting for pending navigations. Status: ok
[1732282129.242][INFO]: [444d93a3de0a1951a828038fa3801ab5] RESPONSE ClickElement
[1732282129.250][INFO]: [444d93a3de0a1951a828038fa3801ab5] COMMAND FindElement {
   "using": "xpath",
   "value": "//div[@aria-label = 'Selenium']"
}
[1732282129.250][INFO]: Waiting for pending navigations...
[1732282129.251][INFO]: Done waiting for pending navigations. Status: ok
[1732282129.265][INFO]: Waiting for pending navigations...
[1732282129.266][INFO]: Done waiting for pending navigations. Status: ok
[1732282129.266][INFO]: [444d93a3de0a1951a828038fa3801ab5] RESPONSE FindElement {
   "element-6066-11e4-a52e-4f735466cecf": "f.7313A42D4D2D89A6F5081B46B0B76793.d.4B78C31699440C0694AEC14CAD78CA3A.e.48"
}
[1732282129.272][INFO]: [444d93a3de0a1951a828038fa3801ab5] COMMAND ClickElement {
   "id": "f.7313A42D4D2D89A6F5081B46B0B76793.d.4B78C31699440C0694AEC14CAD78CA3A.e.48"
}
[1732282129.272][INFO]: Waiting for pending navigations...
[1732282129.273][INFO]: Done waiting for pending navigations. Status: ok
[1732282129.356][INFO]: Waiting for pending navigations...
[1732282129.359][INFO]: Done waiting for pending navigations. Status: ok
[1732282129.359][INFO]: [444d93a3de0a1951a828038fa3801ab5] RESPONSE ClickElement
[1732282129.364][INFO]: [444d93a3de0a1951a828038fa3801ab5] COMMAND FindElement {
   "using": "xpath",
   "value": "//div[@aria-label = 'TestNG']"
}
[1732282129.364][INFO]: Waiting for pending navigations...
[1732282129.368][INFO]: Done waiting for pending navigations. Status: ok
[1732282129.380][INFO]: Waiting for pending navigations...
[1732282129.381][INFO]: Done waiting for pending navigations. Status: ok
[1732282129.381][INFO]: [444d93a3de0a1951a828038fa3801ab5] RESPONSE FindElement {
   "element-6066-11e4-a52e-4f735466cecf": "f.7313A42D4D2D89A6F5081B46B0B76793.d.4B78C31699440C0694AEC14CAD78CA3A.e.49"
}
[1732282129.389][INFO]: [444d93a3de0a1951a828038fa3801ab5] COMMAND ClickElement {
   "id": "f.7313A42D4D2D89A6F5081B46B0B76793.d.4B78C31699440C0694AEC14CAD78CA3A.e.49"
}
[1732282129.389][INFO]: Waiting for pending navigations...
[1732282129.390][INFO]: Done waiting for pending navigations. Status: ok
[1732282129.468][INFO]: Waiting for pending navigations...
[1732282129.470][INFO]: Done waiting for pending navigations. Status: ok
[1732282129.470][INFO]: [444d93a3de0a1951a828038fa3801ab5] RESPONSE ClickElement
[1732282132.484][INFO]: [444d93a3de0a1951a828038fa3801ab5] COMMAND FindElement {
   "using": "xpath",
   "value": "//div[contains(@class , 'DEh1R')]"
}
[1732282132.484][INFO]: Waiting for pending navigations...
[1732282132.485][INFO]: Done waiting for pending navigations. Status: ok
[1732282132.496][INFO]: Waiting for pending navigations...
[1732282132.497][INFO]: Done waiting for pending navigations. Status: ok
[1732282132.497][INFO]: [444d93a3de0a1951a828038fa3801ab5] RESPONSE FindElement {
   "element-6066-11e4-a52e-4f735466cecf": "f.7313A42D4D2D89A6F5081B46B0B76793.d.4B78C31699440C0694AEC14CAD78CA3A.e.50"
}
[1732282132.503][INFO]: [444d93a3de0a1951a828038fa3801ab5] COMMAND ExecuteScript {
   "args": [ {
      "element-6066-11e4-a52e-4f735466cecf": "f.7313A42D4D2D89A6F5081B46B0B76793.d.4B78C31699440C0694AEC14CAD78CA3A.e.50"
   } ],
   "script": "arguments[0].click();"
}
[1732282132.504][INFO]: Waiting for pending navigations...
[1732282132.504][INFO]: Done waiting for pending navigations. Status: ok
[1732282132.512][INFO]: Waiting for pending navigations...
[1732282132.516][INFO]: Done waiting for pending navigations. Status: ok
[1732282132.516][INFO]: [444d93a3de0a1951a828038fa3801ab5] RESPONSE ExecuteScript null
[1732282135.524][INFO]: [444d93a3de0a1951a828038fa3801ab5] COMMAND FindElement {
   "using": "xpath",
   "value": "//div[contains(@class , 'ncFHed')]/div/span[text() = 'Ms']"
}
[1732282135.524][INFO]: Waiting for pending navigations...
[1732282135.525][INFO]: Done waiting for pending navigations. Status: ok
[1732282135.534][INFO]: Waiting for pending navigations...
[1732282135.535][INFO]: Done waiting for pending navigations. Status: ok
[1732282135.535][INFO]: [444d93a3de0a1951a828038fa3801ab5] RESPONSE FindElement {
   "element-6066-11e4-a52e-4f735466cecf": "f.7313A42D4D2D89A6F5081B46B0B76793.d.4B78C31699440C0694AEC14CAD78CA3A.e.52"
}
[1732282135.538][INFO]: [444d93a3de0a1951a828038fa3801ab5] COMMAND ClickElement {
   "id": "f.7313A42D4D2D89A6F5081B46B0B76793.d.4B78C31699440C0694AEC14CAD78CA3A.e.52"
}
[1732282135.538][INFO]: Waiting for pending navigations...
[1732282135.539][INFO]: Done waiting for pending navigations. Status: ok
[1732282135.603][INFO]: Waiting for pending navigations...
[1732282135.608][INFO]: Done waiting for pending navigations. Status: ok
[1732282135.608][INFO]: [444d93a3de0a1951a828038fa3801ab5] RESPONSE ClickElement
[1732282137.624][INFO]: [444d93a3de0a1951a828038fa3801ab5] COMMAND FindElement {
   "using": "xpath",
   "value": "//input[@type = 'date']"
}
[1732282137.624][INFO]: Waiting for pending navigations...
[1732282137.625][INFO]: Done waiting for pending navigations. Status: ok
[1732282137.634][INFO]: Waiting for pending navigations...
[1732282137.635][INFO]: Done waiting for pending navigations. Status: ok
[1732282137.635][INFO]: [444d93a3de0a1951a828038fa3801ab5] RESPONSE FindElement {
   "element-6066-11e4-a52e-4f735466cecf": "f.7313A42D4D2D89A6F5081B46B0B76793.d.4B78C31699440C0694AEC14CAD78CA3A.e.61"
}
[1732282137.640][INFO]: [444d93a3de0a1951a828038fa3801ab5] COMMAND TypeElement {
   "id": "f.7313A42D4D2D89A6F5081B46B0B76793.d.4B78C31699440C0694AEC14CAD78CA3A.e.61",
   "text": "23/11/2024",
   "value": [ "2", "3", "/", "1", "1", "/", "2", "0", "2", "4" ]
}
[1732282137.640][INFO]: Waiting for pending navigations...
[1732282137.641][INFO]: Done waiting for pending navigations. Status: ok
[1732282137.717][INFO]: Waiting for pending navigations...
[1732282137.718][INFO]: Done waiting for pending navigations. Status: ok
[1732282137.718][INFO]: [444d93a3de0a1951a828038fa3801ab5] RESPONSE TypeElement
[1732282140.730][INFO]: [444d93a3de0a1951a828038fa3801ab5] COMMAND FindElement {
   "using": "xpath",
   "value": "//input[@aria-label= 'Hour']"
}
[1732282140.730][INFO]: Waiting for pending navigations...
[1732282140.731][INFO]: Done waiting for pending navigations. Status: ok
[1732282140.742][INFO]: Waiting for pending navigations...
[1732282140.743][INFO]: Done waiting for pending navigations. Status: ok
[1732282140.743][INFO]: [444d93a3de0a1951a828038fa3801ab5] RESPONSE FindElement {
   "element-6066-11e4-a52e-4f735466cecf": "f.7313A42D4D2D89A6F5081B46B0B76793.d.4B78C31699440C0694AEC14CAD78CA3A.e.8"
}
[1732282140.749][INFO]: [444d93a3de0a1951a828038fa3801ab5] COMMAND FindElement {
   "using": "xpath",
   "value": "//input[@aria-label= 'Minute']"
}
[1732282140.749][INFO]: Waiting for pending navigations...
[1732282140.750][INFO]: Done waiting for pending navigations. Status: ok
[1732282140.761][INFO]: Waiting for pending navigations...
[1732282140.762][INFO]: Done waiting for pending navigations. Status: ok
[1732282140.762][INFO]: [444d93a3de0a1951a828038fa3801ab5] RESPONSE FindElement {
   "element-6066-11e4-a52e-4f735466cecf": "f.7313A42D4D2D89A6F5081B46B0B76793.d.4B78C31699440C0694AEC14CAD78CA3A.e.9"
}
[1732282140.767][INFO]: [444d93a3de0a1951a828038fa3801ab5] COMMAND ClickElement {
   "id": "f.7313A42D4D2D89A6F5081B46B0B76793.d.4B78C31699440C0694AEC14CAD78CA3A.e.8"
}
[1732282140.767][INFO]: Waiting for pending navigations...
[1732282140.768][INFO]: Done waiting for pending navigations. Status: ok
[1732282140.866][INFO]: Waiting for pending navigations...
[1732282140.868][INFO]: Done waiting for pending navigations. Status: ok
[1732282140.869][INFO]: [444d93a3de0a1951a828038fa3801ab5] RESPONSE ClickElement
[1732282140.875][INFO]: [444d93a3de0a1951a828038fa3801ab5] COMMAND TypeElement {
   "id": "f.7313A42D4D2D89A6F5081B46B0B76793.d.4B78C31699440C0694AEC14CAD78CA3A.e.8",
   "text": "07",
   "value": [ "0", "7" ]
}
[1732282140.875][INFO]: Waiting for pending navigations...
[1732282140.876][INFO]: Done waiting for pending navigations. Status: ok
[1732282140.932][INFO]: Waiting for pending navigations...
[1732282140.935][INFO]: Done waiting for pending navigations. Status: ok
[1732282140.936][INFO]: [444d93a3de0a1951a828038fa3801ab5] RESPONSE TypeElement
[1732282140.939][INFO]: [444d93a3de0a1951a828038fa3801ab5] COMMAND ClickElement {
   "id": "f.7313A42D4D2D89A6F5081B46B0B76793.d.4B78C31699440C0694AEC14CAD78CA3A.e.9"
}
[1732282140.939][INFO]: Waiting for pending navigations...
[1732282140.940][INFO]: Done waiting for pending navigations. Status: ok
[1732282141.040][INFO]: Waiting for pending navigations...
[1732282141.050][INFO]: Done waiting for pending navigations. Status: ok
[1732282141.050][INFO]: [444d93a3de0a1951a828038fa3801ab5] RESPONSE ClickElement
[1732282141.055][INFO]: [444d93a3de0a1951a828038fa3801ab5] COMMAND TypeElement {
   "id": "f.7313A42D4D2D89A6F5081B46B0B76793.d.4B78C31699440C0694AEC14CAD78CA3A.e.9",
   "text": "30",
   "value": [ "3", "0" ]
}
[1732282141.055][INFO]: Waiting for pending navigations...
[1732282141.057][INFO]: Done waiting for pending navigations. Status: ok
[1732282141.096][INFO]: Waiting for pending navigations...
[1732282141.101][INFO]: Done waiting for pending navigations. Status: ok
[1732282141.101][INFO]: [444d93a3de0a1951a828038fa3801ab5] RESPONSE TypeElement
[1732282141.106][INFO]: [444d93a3de0a1951a828038fa3801ab5] COMMAND FindElement {
   "using": "xpath",
   "value": "//div[@aria-label = 'Submit']"
}
[1732282141.106][INFO]: Waiting for pending navigations...
[1732282141.106][INFO]: Done waiting for pending navigations. Status: ok
[1732282141.118][INFO]: Waiting for pending navigations...
[1732282141.119][INFO]: Done waiting for pending navigations. Status: ok
[1732282141.119][INFO]: [444d93a3de0a1951a828038fa3801ab5] RESPONSE FindElement {
   "element-6066-11e4-a52e-4f735466cecf": "f.7313A42D4D2D89A6F5081B46B0B76793.d.4B78C31699440C0694AEC14CAD78CA3A.e.76"
}
[1732282141.124][INFO]: [444d93a3de0a1951a828038fa3801ab5] COMMAND ExecuteScript {
   "args": [ {
      "element-6066-11e4-a52e-4f735466cecf": "f.7313A42D4D2D89A6F5081B46B0B76793.d.4B78C31699440C0694AEC14CAD78CA3A.e.76"
   } ],
   "script": "arguments[0].click();"
}
[1732282141.124][INFO]: Waiting for pending navigations...
[1732282141.125][INFO]: Done waiting for pending navigations. Status: ok
[1732282141.141][INFO]: Waiting for pending navigations...
[1732282142.040][INFO]: Done waiting for pending navigations. Status: ok
[1732282142.040][INFO]: [444d93a3de0a1951a828038fa3801ab5] RESPONSE ExecuteScript null
[1732282145.048][INFO]: [444d93a3de0a1951a828038fa3801ab5] COMMAND FindElement {
   "using": "xpath",
   "value": "//div[@class = 'vHW8K']"
}
[1732282145.048][INFO]: Waiting for pending navigations...
[1732282145.049][INFO]: Done waiting for pending navigations. Status: ok
[1732282145.057][INFO]: Waiting for pending navigations...
[1732282145.058][INFO]: Done waiting for pending navigations. Status: ok
[1732282145.058][INFO]: [444d93a3de0a1951a828038fa3801ab5] RESPONSE FindElement {
   "element-6066-11e4-a52e-4f735466cecf": "f.7313A42D4D2D89A6F5081B46B0B76793.d.D1F6B6CA24E896FF8B4C3DEBEA003988.e.82"
}
[1732282145.062][INFO]: [444d93a3de0a1951a828038fa3801ab5] COMMAND GetElementText {
   "id": "f.7313A42D4D2D89A6F5081B46B0B76793.d.D1F6B6CA24E896FF8B4C3DEBEA003988.e.82"
}
[1732282145.062][INFO]: Waiting for pending navigations...
[1732282145.063][INFO]: Done waiting for pending navigations. Status: ok
[1732282145.077][INFO]: Waiting for pending navigations...
[1732282145.078][INFO]: Done waiting for pending navigations. Status: ok
[1732282145.078][INFO]: [444d93a3de0a1951a828038fa3801ab5] RESPONSE GetElementText "Thanks for your response, Automation Wizard!"
[1732282145.086][INFO]: [444d93a3de0a1951a828038fa3801ab5] COMMAND CloseWindow {
}
[1732282145.144][SEVERE]: Unable to receive message from renderer
[1732282145.227][INFO]: [444d93a3de0a1951a828038fa3801ab5] RESPONSE CloseWindow [  ]
